<?xml version="1.0" encoding="UTF-8"?>
<testng-results skipped="0" failed="0" total="4" passed="4">
  <reporter-output>
  </reporter-output>
  <suite name="Default suite" duration-ms="19520" started-at="2021-04-28T18:51:26Z" finished-at="2021-04-28T18:51:46Z">
    <groups>
    </groups>
    <test name="Default test" duration-ms="19520" started-at="2021-04-28T18:51:26Z" finished-at="2021-04-28T18:51:46Z">
      <class name="BasicRestPost.ExtractrequestResponse2">
        <test-method status="PASS" signature="Signup()[pri:1, instance:BasicRestPost.ExtractrequestResponse2@1e88b3c]" name="Signup" duration-ms="8519" started-at="2021-04-29T00:21:26Z" finished-at="2021-04-29T00:21:35Z">
          <reporter-output>
          </reporter-output>
        </test-method> <!-- Signup -->
        <test-method status="PASS" signature="Login()[pri:2, instance:BasicRestPost.ExtractrequestResponse2@1e88b3c]" name="Login" duration-ms="5020" started-at="2021-04-29T00:21:35Z" finished-at="2021-04-29T00:21:40Z">
          <reporter-output>
          </reporter-output>
        </test-method> <!-- Login -->
        <test-method status="PASS" signature="GetAllUser()[pri:3, instance:BasicRestPost.ExtractrequestResponse2@1e88b3c]" name="GetAllUser" duration-ms="3655" started-at="2021-04-29T00:21:40Z" finished-at="2021-04-29T00:21:43Z">
          <reporter-output>
          </reporter-output>
        </test-method> <!-- GetAllUser -->
        <test-method status="PASS" signature="delete()[pri:4, instance:BasicRestPost.ExtractrequestResponse2@1e88b3c]" name="delete" duration-ms="2296" started-at="2021-04-29T00:21:43Z" finished-at="2021-04-29T00:21:46Z">
          <reporter-output>
          </reporter-output>
        </test-method> <!-- delete -->
      </class> <!-- BasicRestPost.ExtractrequestResponse2 -->
    </test> <!-- Default test -->
  </suite> <!-- Default suite -->
</testng-results>
